# JRE version: OpenJDK Runtime Environment (11.0.11+9) (build 11.0.11+9-b60-7590822)
# Java VM: OpenJDK 64-Bit Server VM (11.0.11+9-b60-7590822, mixed mode, tiered, compressed oops, g1 gc, windows-amd64)
Heap:
 garbage-first heap   total 262144K, used 168000K [0x0000000080000000, 0x0000000100000000)
  region size 1024K, 71 young (72704K), 8 survivors (8192K)
 Metaspace       used 98775K, capacity 101206K, committed 101992K, reserved 1138688K
  class space    used 12662K, capacity 13550K, committed 13900K, reserved 1048576K
GC Heap History (20 events):
Event: 6.041 GC heap before
{Heap before GC invocations=7 (full 0):
 garbage-first heap   total 262144K, used 181501K [0x0000000080000000, 0x0000000100000000)
  region size 1024K, 153 young (156672K), 13 survivors (13312K)
 Metaspace       used 55616K, capacity 56954K, committed 57212K, reserved 1099776K
  class space    used 7064K, capacity 7554K, committed 7680K, reserved 1048576K
}
Event: 6.058 GC heap after
{Heap after GC invocations=8 (full 0):
 garbage-first heap   total 262144K, used 51933K [0x0000000080000000, 0x0000000100000000)
  region size 1024K, 20 young (20480K), 20 survivors (20480K)
 Metaspace       used 55616K, capacity 56954K, committed 57212K, reserved 1099776K
  class space    used 7064K, capacity 7554K, committed 7680K, reserved 1048576K
}
Event: 6.340 GC heap before
{Heap before GC invocations=8 (full 0):
 garbage-first heap   total 262144K, used 69341K [0x0000000080000000, 0x0000000100000000)
  region size 1024K, 38 young (38912K), 20 survivors (20480K)
 Metaspace       used 58355K, capacity 59775K, committed 59940K, reserved 1101824K
  class space    used 7361K, capacity 7873K, committed 7936K, reserved 1048576K
}
Event: 6.367 GC heap after
{Heap after GC invocations=9 (full 0):
 garbage-first heap   total 262144K, used 55189K [0x0000000080000000, 0x0000000100000000)
  region size 1024K, 3 young (3072K), 3 survivors (3072K)
 Metaspace       used 58355K, capacity 59775K, committed 59940K, reserved 1101824K
  class space    used 7361K, capacity 7873K, committed 7936K, reserved 1048576K
}
Event: 8.140 GC heap before
{Heap before GC invocations=10 (full 0):
 garbage-first heap   total 262144K, used 151445K [0x0000000080000000, 0x0000000100000000)
  region size 1024K, 97 young (99328K), 3 survivors (3072K)
 Metaspace       used 67907K, capacity 69496K, committed 69616K, reserved 1110016K
  class space    used 8569K, capacity 9136K, committed 9164K, reserved 1048576K
}
Event: 8.148 GC heap after
{Heap after GC invocations=11 (full 0):
 garbage-first heap   total 262144K, used 59742K [0x0000000080000000, 0x0000000100000000)
  region size 1024K, 8 young (8192K), 8 survivors (8192K)
 Metaspace       used 67907K, capacity 69496K, committed 69616K, reserved 1110016K
  class space    used 8569K, capacity 9136K, committed 9164K, reserved 1048576K
}
Event: 9.477 GC heap before
{Heap before GC invocations=11 (full 0):
 garbage-first heap   total 262144K, used 161118K [0x0000000080000000, 0x0000000100000000)
  region size 1024K, 107 young (109568K), 8 survivors (8192K)
 Metaspace       used 73655K, capacity 75315K, committed 75504K, reserved 1114112K
  class space    used 9475K, capacity 10070K, committed 10188K, reserved 1048576K
}
Event: 9.489 GC heap after
{Heap after GC invocations=12 (full 0):
 garbage-first heap   total 262144K, used 66558K [0x0000000080000000, 0x0000000100000000)
  region size 1024K, 14 young (14336K), 14 survivors (14336K)
 Metaspace       used 73655K, capacity 75315K, committed 75504K, reserved 1114112K
  class space    used 9475K, capacity 10070K, committed 10188K, reserved 1048576K
}
Event: 10.764 GC heap before
{Heap before GC invocations=12 (full 0):
 garbage-first heap   total 262144K, used 172030K [0x0000000080000000, 0x0000000100000000)
  region size 1024K, 117 young (119808K), 14 survivors (14336K)
 Metaspace       used 80589K, capacity 82445K, committed 82672K, reserved 1120256K
  class space    used 10481K, capacity 11169K, committed 11212K, reserved 1048576K
}
Event: 10.779 GC heap after
{Heap after GC invocations=13 (full 0):
 garbage-first heap   total 262144K, used 73643K [0x0000000080000000, 0x0000000100000000)
  region size 1024K, 14 young (14336K), 14 survivors (14336K)
 Metaspace       used 80589K, capacity 82445K, committed 82672K, reserved 1120256K
  class space    used 10481K, capacity 11169K, committed 11212K, reserved 1048576K
}
Event: 12.126 GC heap before
{Heap before GC invocations=13 (full 0):
 garbage-first heap   total 262144K, used 189355K [0x0000000080000000, 0x0000000100000000)
  region size 1024K, 119 young (121856K), 14 survivors (14336K)
 Metaspace       used 88132K, capacity 90139K, committed 90352K, reserved 1128448K
  class space    used 11334K, capacity 12125K, committed 12236K, reserved 1048576K
}
Event: 12.139 GC heap after
{Heap after GC invocations=14 (full 0):
 garbage-first heap   total 262144K, used 82447K [0x0000000080000000, 0x0000000100000000)
  region size 1024K, 15 young (15360K), 15 survivors (15360K)
 Metaspace       used 88132K, capacity 90139K, committed 90352K, reserved 1128448K
  class space    used 11334K, capacity 12125K, committed 12236K, reserved 1048576K
}
Event: 12.618 GC heap before
{Heap before GC invocations=14 (full 0):
 garbage-first heap   total 262144K, used 186895K [0x0000000080000000, 0x0000000100000000)
  region size 1024K, 118 young (120832K), 15 survivors (15360K)
 Metaspace       used 89589K, capacity 92070K, committed 92272K, reserved 1128448K
  class space    used 11580K, capacity 12498K, committed 12620K, reserved 1048576K
}
Event: 12.631 GC heap after
{Heap after GC invocations=15 (full 0):
 garbage-first heap   total 262144K, used 92449K [0x0000000080000000, 0x0000000100000000)
  region size 1024K, 10 young (10240K), 10 survivors (10240K)
 Metaspace       used 89589K, capacity 92070K, committed 92272K, reserved 1128448K
  class space    used 11580K, capacity 12498K, committed 12620K, reserved 1048576K
}
Event: 12.977 GC heap before
{Heap before GC invocations=15 (full 0):
 garbage-first heap   total 262144K, used 193825K [0x0000000080000000, 0x0000000100000000)
  region size 1024K, 110 young (112640K), 10 survivors (10240K)
 Metaspace       used 90224K, capacity 92772K, committed 93040K, reserved 1130496K
  class space    used 11630K, capacity 12557K, committed 12620K, reserved 1048576K
}
Event: 12.986 GC heap after
{Heap after GC invocations=16 (full 0):
 garbage-first heap   total 262144K, used 99008K [0x0000000080000000, 0x0000000100000000)
  region size 1024K, 9 young (9216K), 9 survivors (9216K)
 Metaspace       used 90224K, capacity 92772K, committed 93040K, reserved 1130496K
  class space    used 11630K, capacity 12557K, committed 12620K, reserved 1048576K
}
Event: 13.517 GC heap before
{Heap before GC invocations=16 (full 0):
 garbage-first heap   total 262144K, used 198336K [0x0000000080000000, 0x0000000100000000)
  region size 1024K, 107 young (109568K), 9 survivors (9216K)
 Metaspace       used 94775K, capacity 97241K, committed 97520K, reserved 1134592K
  class space    used 12233K, capacity 13168K, committed 13260K, reserved 1048576K
}
Event: 13.524 GC heap after
{Heap after GC invocations=17 (full 0):
 garbage-first heap   total 262144K, used 103047K [0x0000000080000000, 0x0000000100000000)
  region size 1024K, 6 young (6144K), 6 survivors (6144K)
 Metaspace       used 94775K, capacity 97241K, committed 97520K, reserved 1134592K
  class space    used 12233K, capacity 13168K, committed 13260K, reserved 1048576K
}
Event: 51.674 GC heap before
{Heap before GC invocations=17 (full 0):
 garbage-first heap   total 262144K, used 148103K [0x0000000080000000, 0x0000000100000000)
  region size 1024K, 51 young (52224K), 6 survivors (6144K)
 Metaspace       used 97683K, capacity 100311K, committed 100456K, reserved 1136640K
  class space    used 12604K, capacity 13587K, committed 13644K, reserved 1048576K
}
Event: 51.681 GC heap after
{Heap after GC invocations=18 (full 0):
 garbage-first heap   total 262144K, used 105536K [0x0000000080000000, 0x0000000100000000)
  region size 1024K, 8 young (8192K), 8 survivors (8192K)
 Metaspace       used 97683K, capacity 100311K, committed 100456K, reserved 1136640K
  class space    used 12604K, capacity 13587K, committed 13644K, reserved 1048576K
}

