# JRE version: OpenJDK Runtime Environment (11.0.11+9) (build 11.0.11+9-b60-7590822)
# Java VM: OpenJDK 64-Bit Server VM (11.0.11+9-b60-7590822, mixed mode, tiered, compressed oops, g1 gc, windows-amd64)
Heap:
 garbage-first heap   total 315392K, used 126731K [0x0000000701000000, 0x0000000800000000)
  region size 1024K, 99 young (101376K), 9 survivors (9216K)
 Metaspace       used 57281K, capacity 58004K, committed 58192K, reserved 1099776K
  class space    used 6627K, capacity 6914K, committed 7036K, reserved 1048576K
GC Heap History (12 events):
Event: 0.397 GC heap before
{Heap before GC invocations=0 (full 0):
 garbage-first heap   total 262144K, used 27648K [0x0000000701000000, 0x0000000800000000)
  region size 1024K, 24 young (24576K), 0 survivors (0K)
 Metaspace       used 12187K, capacity 12277K, committed 12544K, reserved 1060864K
  class space    used 1140K, capacity 1174K, committed 1280K, reserved 1048576K
}
Event: 0.399 GC heap after
{Heap after GC invocations=1 (full 0):
 garbage-first heap   total 262144K, used 5829K [0x0000000701000000, 0x0000000800000000)
  region size 1024K, 3 young (3072K), 3 survivors (3072K)
 Metaspace       used 12187K, capacity 12277K, committed 12544K, reserved 1060864K
  class space    used 1140K, capacity 1174K, committed 1280K, reserved 1048576K
}
Event: 0.878 GC heap before
{Heap before GC invocations=1 (full 0):
 garbage-first heap   total 262144K, used 42693K [0x0000000701000000, 0x0000000800000000)
  region size 1024K, 40 young (40960K), 3 survivors (3072K)
 Metaspace       used 20991K, capacity 21180K, committed 21248K, reserved 1069056K
  class space    used 2209K, capacity 2291K, committed 2304K, reserved 1048576K
}
Event: 0.887 GC heap after
{Heap after GC invocations=2 (full 0):
 garbage-first heap   total 262144K, used 9997K [0x0000000701000000, 0x0000000800000000)
  region size 1024K, 7 young (7168K), 7 survivors (7168K)
 Metaspace       used 20991K, capacity 21180K, committed 21248K, reserved 1069056K
  class space    used 2209K, capacity 2291K, committed 2304K, reserved 1048576K
}
Event: 1.542 GC heap before
{Heap before GC invocations=3 (full 0):
 garbage-first heap   total 262144K, used 69389K [0x0000000701000000, 0x0000000800000000)
  region size 1024K, 57 young (58368K), 7 survivors (7168K)
 Metaspace       used 30593K, capacity 31082K, committed 31228K, reserved 1077248K
  class space    used 3595K, capacity 3773K, committed 3836K, reserved 1048576K
}
Event: 1.555 GC heap after
{Heap after GC invocations=4 (full 0):
 garbage-first heap   total 262144K, used 24785K [0x0000000701000000, 0x0000000800000000)
  region size 1024K, 8 young (8192K), 8 survivors (8192K)
 Metaspace       used 30593K, capacity 31082K, committed 31228K, reserved 1077248K
  class space    used 3595K, capacity 3773K, committed 3836K, reserved 1048576K
}
Event: 1.626 GC heap before
{Heap before GC invocations=4 (full 0):
 garbage-first heap   total 262144K, used 34001K [0x0000000701000000, 0x0000000800000000)
  region size 1024K, 13 young (13312K), 8 survivors (8192K)
 Metaspace       used 31056K, capacity 31436K, committed 31740K, reserved 1077248K
  class space    used 3639K, capacity 3805K, committed 3836K, reserved 1048576K
}
Event: 1.631 GC heap after
{Heap after GC invocations=5 (full 0):
 garbage-first heap   total 262144K, used 26379K [0x0000000701000000, 0x0000000800000000)
  region size 1024K, 2 young (2048K), 2 survivors (2048K)
 Metaspace       used 31056K, capacity 31436K, committed 31740K, reserved 1077248K
  class space    used 3639K, capacity 3805K, committed 3836K, reserved 1048576K
}
Event: 1.902 GC heap before
{Heap before GC invocations=5 (full 0):
 garbage-first heap   total 262144K, used 45835K [0x0000000701000000, 0x0000000800000000)
  region size 1024K, 22 young (22528K), 2 survivors (2048K)
 Metaspace       used 35388K, capacity 35782K, committed 36048K, reserved 1081344K
  class space    used 4306K, capacity 4484K, committed 4604K, reserved 1048576K
}
Event: 1.905 GC heap after
{Heap after GC invocations=6 (full 0):
 garbage-first heap   total 315392K, used 24848K [0x0000000701000000, 0x0000000800000000)
  region size 1024K, 2 young (2048K), 2 survivors (2048K)
 Metaspace       used 35388K, capacity 35782K, committed 36048K, reserved 1081344K
  class space    used 4306K, capacity 4484K, committed 4604K, reserved 1048576K
}
Event: 2.863 GC heap before
{Heap before GC invocations=7 (full 0):
 garbage-first heap   total 315392K, used 95504K [0x0000000701000000, 0x0000000800000000)
  region size 1024K, 69 young (70656K), 2 survivors (2048K)
 Metaspace       used 48419K, capacity 49015K, committed 49232K, reserved 1093632K
  class space    used 5636K, capacity 5881K, committed 6012K, reserved 1048576K
}
Event: 2.870 GC heap after
{Heap after GC invocations=8 (full 0):
 garbage-first heap   total 315392K, used 34571K [0x0000000701000000, 0x0000000800000000)
  region size 1024K, 9 young (9216K), 9 survivors (9216K)
 Metaspace       used 48419K, capacity 49015K, committed 49232K, reserved 1093632K
  class space    used 5636K, capacity 5881K, committed 6012K, reserved 1048576K
}

