# JRE version: OpenJDK Runtime Environment (11.0.11+9) (build 11.0.11+9-b60-7590822)
# Java VM: OpenJDK 64-Bit Server VM (11.0.11+9-b60-7590822, mixed mode, tiered, compressed oops, g1 gc, windows-amd64)
Heap:
 garbage-first heap   total 315392K, used 114126K [0x0000000701000000, 0x0000000800000000)
  region size 1024K, 69 young (70656K), 9 survivors (9216K)
 Metaspace       used 63788K, capacity 64626K, committed 64732K, reserved 1105920K
  class space    used 7190K, capacity 7518K, committed 7548K, reserved 1048576K
GC Heap History (16 events):
Event: 0.423 GC heap before
{Heap before GC invocations=0 (full 0):
 garbage-first heap   total 262144K, used 27648K [0x0000000701000000, 0x0000000800000000)
  region size 1024K, 24 young (24576K), 0 survivors (0K)
 Metaspace       used 12185K, capacity 12341K, committed 12544K, reserved 1060864K
  class space    used 1141K, capacity 1174K, committed 1280K, reserved 1048576K
}
Event: 0.425 GC heap after
{Heap after GC invocations=1 (full 0):
 garbage-first heap   total 262144K, used 5838K [0x0000000701000000, 0x0000000800000000)
  region size 1024K, 3 young (3072K), 3 survivors (3072K)
 Metaspace       used 12185K, capacity 12341K, committed 12544K, reserved 1060864K
  class space    used 1141K, capacity 1174K, committed 1280K, reserved 1048576K
}
Event: 0.875 GC heap before
{Heap before GC invocations=1 (full 0):
 garbage-first heap   total 262144K, used 43726K [0x0000000701000000, 0x0000000800000000)
  region size 1024K, 41 young (41984K), 3 survivors (3072K)
 Metaspace       used 20990K, capacity 21180K, committed 21248K, reserved 1069056K
  class space    used 2209K, capacity 2291K, committed 2304K, reserved 1048576K
}
Event: 0.884 GC heap after
{Heap after GC invocations=2 (full 0):
 garbage-first heap   total 262144K, used 9987K [0x0000000701000000, 0x0000000800000000)
  region size 1024K, 7 young (7168K), 7 survivors (7168K)
 Metaspace       used 20990K, capacity 21180K, committed 21248K, reserved 1069056K
  class space    used 2209K, capacity 2291K, committed 2304K, reserved 1048576K
}
Event: 1.655 GC heap before
{Heap before GC invocations=3 (full 0):
 garbage-first heap   total 262144K, used 70403K [0x0000000701000000, 0x0000000800000000)
  region size 1024K, 58 young (59392K), 7 survivors (7168K)
 Metaspace       used 30637K, capacity 31082K, committed 31228K, reserved 1077248K
  class space    used 3596K, capacity 3773K, committed 3836K, reserved 1048576K
}
Event: 1.668 GC heap after
{Heap after GC invocations=4 (full 0):
 garbage-first heap   total 262144K, used 22515K [0x0000000701000000, 0x0000000800000000)
  region size 1024K, 8 young (8192K), 8 survivors (8192K)
 Metaspace       used 30637K, capacity 31082K, committed 31228K, reserved 1077248K
  class space    used 3596K, capacity 3773K, committed 3836K, reserved 1048576K
}
Event: 1.954 GC heap before
{Heap before GC invocations=4 (full 0):
 garbage-first heap   total 262144K, used 44019K [0x0000000701000000, 0x0000000800000000)
  region size 1024K, 25 young (25600K), 8 survivors (8192K)
 Metaspace       used 34573K, capacity 35002K, committed 35196K, reserved 1079296K
  class space    used 4229K, capacity 4416K, committed 4476K, reserved 1048576K
}
Event: 1.961 GC heap after
{Heap after GC invocations=5 (full 0):
 garbage-first heap   total 262144K, used 26907K [0x0000000701000000, 0x0000000800000000)
  region size 1024K, 2 young (2048K), 2 survivors (2048K)
 Metaspace       used 34573K, capacity 35002K, committed 35196K, reserved 1079296K
  class space    used 4229K, capacity 4416K, committed 4476K, reserved 1048576K
}
Event: 2.038 GC heap before
{Heap before GC invocations=5 (full 0):
 garbage-first heap   total 262144K, used 33051K [0x0000000701000000, 0x0000000800000000)
  region size 1024K, 9 young (9216K), 2 survivors (2048K)
 Metaspace       used 35395K, capacity 35782K, committed 36048K, reserved 1081344K
  class space    used 4304K, capacity 4484K, committed 4604K, reserved 1048576K
}
Event: 2.040 GC heap after
{Heap after GC invocations=6 (full 0):
 garbage-first heap   total 262144K, used 24859K [0x0000000701000000, 0x0000000800000000)
  region size 1024K, 2 young (2048K), 2 survivors (2048K)
 Metaspace       used 35395K, capacity 35782K, committed 36048K, reserved 1081344K
  class space    used 4304K, capacity 4484K, committed 4604K, reserved 1048576K
}
Event: 3.073 GC heap before
{Heap before GC invocations=7 (full 0):
 garbage-first heap   total 262144K, used 92443K [0x0000000701000000, 0x0000000800000000)
  region size 1024K, 66 young (67584K), 2 survivors (2048K)
 Metaspace       used 48301K, capacity 48952K, committed 49232K, reserved 1093632K
  class space    used 5627K, capacity 5881K, committed 6012K, reserved 1048576K
}
Event: 3.081 GC heap after
{Heap after GC invocations=8 (full 0):
 garbage-first heap   total 262144K, used 33784K [0x0000000701000000, 0x0000000800000000)
  region size 1024K, 9 young (9216K), 9 survivors (9216K)
 Metaspace       used 48301K, capacity 48952K, committed 49232K, reserved 1093632K
  class space    used 5627K, capacity 5881K, committed 6012K, reserved 1048576K
}
Event: 4.166 GC heap before
{Heap before GC invocations=8 (full 0):
 garbage-first heap   total 262144K, used 125944K [0x0000000701000000, 0x0000000800000000)
  region size 1024K, 98 young (100352K), 9 survivors (9216K)
 Metaspace       used 57032K, capacity 57684K, committed 57808K, reserved 1099776K
  class space    used 6589K, capacity 6850K, committed 6908K, reserved 1048576K
}
Event: 4.182 GC heap after
{Heap after GC invocations=9 (full 0):
 garbage-first heap   total 315392K, used 45197K [0x0000000701000000, 0x0000000800000000)
  region size 1024K, 12 young (12288K), 12 survivors (12288K)
 Metaspace       used 57032K, capacity 57684K, committed 57808K, reserved 1099776K
  class space    used 6589K, capacity 6850K, committed 6908K, reserved 1048576K
}
Event: 5.094 GC heap before
{Heap before GC invocations=9 (full 0):
 garbage-first heap   total 315392K, used 92301K [0x0000000701000000, 0x0000000800000000)
  region size 1024K, 59 young (60416K), 12 survivors (12288K)
 Metaspace       used 59733K, capacity 60399K, committed 60508K, reserved 1103872K
  class space    used 6815K, capacity 7087K, committed 7164K, reserved 1048576K
}
Event: 5.151 GC heap after
{Heap after GC invocations=10 (full 0):
 garbage-first heap   total 315392K, used 53710K [0x0000000701000000, 0x0000000800000000)
  region size 1024K, 9 young (9216K), 9 survivors (9216K)
 Metaspace       used 59733K, capacity 60399K, committed 60508K, reserved 1103872K
  class space    used 6815K, capacity 7087K, committed 7164K, reserved 1048576K
}

