# JRE version: OpenJDK Runtime Environment (11.0.11+9) (build 11.0.11+9-b60-7590822)
# Java VM: OpenJDK 64-Bit Server VM (11.0.11+9-b60-7590822, mixed mode, tiered, compressed oops, g1 gc, windows-amd64)
Heap:
 garbage-first heap   total 315392K, used 27936K [0x0000000701000000, 0x0000000800000000)
  region size 1024K, 6 young (6144K), 5 survivors (5120K)
 Metaspace       used 43136K, capacity 43655K, committed 43984K, reserved 1103872K
  class space    used 5049K, capacity 5269K, committed 5372K, reserved 1048576K
GC Heap History (14 events):
Event: 0.409 GC heap before
{Heap before GC invocations=0 (full 0):
 garbage-first heap   total 262144K, used 27648K [0x0000000701000000, 0x0000000800000000)
  region size 1024K, 24 young (24576K), 0 survivors (0K)
 Metaspace       used 12185K, capacity 12277K, committed 12544K, reserved 1060864K
  class space    used 1141K, capacity 1174K, committed 1280K, reserved 1048576K
}
Event: 0.411 GC heap after
{Heap after GC invocations=1 (full 0):
 garbage-first heap   total 262144K, used 5895K [0x0000000701000000, 0x0000000800000000)
  region size 1024K, 3 young (3072K), 3 survivors (3072K)
 Metaspace       used 12185K, capacity 12277K, committed 12544K, reserved 1060864K
  class space    used 1141K, capacity 1174K, committed 1280K, reserved 1048576K
}
Event: 0.846 GC heap before
{Heap before GC invocations=1 (full 0):
 garbage-first heap   total 262144K, used 43783K [0x0000000701000000, 0x0000000800000000)
  region size 1024K, 41 young (41984K), 3 survivors (3072K)
 Metaspace       used 20984K, capacity 21180K, committed 21248K, reserved 1069056K
  class space    used 2209K, capacity 2291K, committed 2304K, reserved 1048576K
}
Event: 0.856 GC heap after
{Heap after GC invocations=2 (full 0):
 garbage-first heap   total 262144K, used 9747K [0x0000000701000000, 0x0000000800000000)
  region size 1024K, 7 young (7168K), 7 survivors (7168K)
 Metaspace       used 20984K, capacity 21180K, committed 21248K, reserved 1069056K
  class space    used 2209K, capacity 2291K, committed 2304K, reserved 1048576K
}
Event: 1.540 GC heap before
{Heap before GC invocations=3 (full 0):
 garbage-first heap   total 262144K, used 70163K [0x0000000701000000, 0x0000000800000000)
  region size 1024K, 58 young (59392K), 7 survivors (7168K)
 Metaspace       used 30615K, capacity 31082K, committed 31228K, reserved 1077248K
  class space    used 3596K, capacity 3773K, committed 3836K, reserved 1048576K
}
Event: 1.550 GC heap after
{Heap after GC invocations=4 (full 0):
 garbage-first heap   total 262144K, used 22504K [0x0000000701000000, 0x0000000800000000)
  region size 1024K, 8 young (8192K), 8 survivors (8192K)
 Metaspace       used 30615K, capacity 31082K, committed 31228K, reserved 1077248K
  class space    used 3596K, capacity 3773K, committed 3836K, reserved 1048576K
}
Event: 1.655 GC heap before
{Heap before GC invocations=4 (full 0):
 garbage-first heap   total 262144K, used 31720K [0x0000000701000000, 0x0000000800000000)
  region size 1024K, 13 young (13312K), 8 survivors (8192K)
 Metaspace       used 31190K, capacity 31633K, committed 31996K, reserved 1077248K
  class space    used 3640K, capacity 3805K, committed 3836K, reserved 1048576K
}
Event: 1.664 GC heap after
{Heap after GC invocations=5 (full 0):
 garbage-first heap   total 262144K, used 26372K [0x0000000701000000, 0x0000000800000000)
  region size 1024K, 2 young (2048K), 2 survivors (2048K)
 Metaspace       used 31190K, capacity 31633K, committed 31996K, reserved 1077248K
  class space    used 3640K, capacity 3805K, committed 3836K, reserved 1048576K
}
Event: 2.035 GC heap before
{Heap before GC invocations=5 (full 0):
 garbage-first heap   total 262144K, used 44804K [0x0000000701000000, 0x0000000800000000)
  region size 1024K, 21 young (21504K), 2 survivors (2048K)
 Metaspace       used 35386K, capacity 35782K, committed 36048K, reserved 1081344K
  class space    used 4305K, capacity 4484K, committed 4604K, reserved 1048576K
}
Event: 2.039 GC heap after
{Heap after GC invocations=6 (full 0):
 garbage-first heap   total 315392K, used 24857K [0x0000000701000000, 0x0000000800000000)
  region size 1024K, 2 young (2048K), 2 survivors (2048K)
 Metaspace       used 35386K, capacity 35782K, committed 36048K, reserved 1081344K
  class space    used 4305K, capacity 4484K, committed 4604K, reserved 1048576K
}
Event: 2.688 GC heap before
{Heap before GC invocations=7 (full 0):
 garbage-first heap   total 315392K, used 60697K [0x0000000701000000, 0x0000000800000000)
  region size 1024K, 38 young (38912K), 2 survivors (2048K)
 Metaspace       used 42701K, capacity 43226K, committed 43472K, reserved 1097728K
  class space    used 5020K, capacity 5234K, committed 5372K, reserved 1048576K
}
Event: 2.700 GC heap after
{Heap after GC invocations=8 (full 0):
 garbage-first heap   total 315392K, used 27743K [0x0000000701000000, 0x0000000800000000)
  region size 1024K, 5 young (5120K), 5 survivors (5120K)
 Metaspace       used 42701K, capacity 43226K, committed 43472K, reserved 1097728K
  class space    used 5020K, capacity 5234K, committed 5372K, reserved 1048576K
}
Event: 2.750 GC heap before
{Heap before GC invocations=9 (full 0):
 garbage-first heap   total 315392K, used 28767K [0x0000000701000000, 0x0000000800000000)
  region size 1024K, 7 young (7168K), 5 survivors (5120K)
 Metaspace       used 42996K, capacity 43489K, committed 43728K, reserved 1103872K
  class space    used 5041K, capacity 5236K, committed 5372K, reserved 1048576K
}
Event: 2.759 GC heap after
{Heap after GC invocations=10 (full 0):
 garbage-first heap   total 315392K, used 27936K [0x0000000701000000, 0x0000000800000000)
  region size 1024K, 5 young (5120K), 5 survivors (5120K)
 Metaspace       used 42996K, capacity 43489K, committed 43728K, reserved 1103872K
  class space    used 5041K, capacity 5236K, committed 5372K, reserved 1048576K
}

